<hello> this is test case 1 
	<test>added new subtest 1.1</test>
</hello>