<hello> this is test case 1 
</hello>