<hello> this is test case 2
</hello>